ROG-Leaf-N9K-2# sh run | no-more 

!Command: show running-config
!Running configuration last done at: Fri Oct  9 16:35:32 2020
!Time: Fri Oct  9 19:34:52 2020

version 9.3(5) Bios:version  
hostname ROG-Leaf-N9K-2
vdc ROG-Leaf-N9K-2 id 1
  limit-resource vlan minimum 16 maximum 4094
  limit-resource vrf minimum 2 maximum 4096
  limit-resource port-channel minimum 0 maximum 511
  limit-resource u4route-mem minimum 248 maximum 248
  limit-resource u6route-mem minimum 96 maximum 96
  limit-resource m4route-mem minimum 58 maximum 58
  limit-resource m6route-mem minimum 8 maximum 8
  limit-resource vni_bd minimum 4096 maximum 4096

feature nxapi
feature bash-shell
feature sftp-server
nv overlay evpn
feature ospf
feature bgp
feature pim
feature netconf
feature restconf
feature grpc
feature interface-vlan
feature vn-segment-vlan-based
feature hsrp
feature lacp
feature nv overlay

username admin password 5 $5$PLGCFF$Iyysj1SD7LdeyQl7JyDu3R5ySNBsg0KqcAl1lHxx8u6  role network-admin
ip domain-lookup
copp profile strict
snmp-server user admin network-admin auth md5 0xda961be0c1e51f4be23f90bc8b00127d priv 0xda961be0c1e51f4be23f90bc8b00127d localizedkey
rmon event 1 log trap public description FATAL(1) owner PMON@FATAL
rmon event 2 log trap public description CRITICAL(2) owner PMON@CRITICAL
rmon event 3 log trap public description ERROR(3) owner PMON@ERROR
rmon event 4 log trap public description WARNING(4) owner PMON@WARNING
rmon event 5 log trap public description INFORMATION(5) owner PMON@INFO

fabric forwarding anycast-gateway-mac 0000.2222.3333
ip pim rp-address 100.1.1.1 group-list 224.0.0.0/4
ip pim ssm range 232.0.0.0/8
vlan 1,10,20,1001
vlan 10
  vn-segment 10010
vlan 20
  vn-segment 10020
vlan 1001
  vn-segment 900001

cdp timer 5
vrf context management
vrf context vxlan-900001
  vni 900001
  rd auto
  address-family ipv4 unicast
    route-target both auto
    route-target both auto evpn
  address-family ipv6 unicast
    route-target both auto
    route-target both auto evpn

nxapi http port 80
no nxapi https
nxapi ssl ciphers weak
nxapi ssl protocols TLSv1


interface Vlan1

interface Vlan10
  no shutdown
  vrf member vxlan-900001
  ip address 10.1.1.1/24
  fabric forwarding mode anycast-gateway

interface Vlan20
  no shutdown
  vrf member vxlan-900001
  ip address 20.1.1.1/24
  fabric forwarding mode anycast-gateway

interface Vlan1001
  no shutdown
  vrf member vxlan-900001
  ip forward

interface nve1
  no shutdown
  host-reachability protocol bgp
  source-interface loopback0
  member vni 10010
    mcast-group 239.0.0.1
  member vni 10020
    mcast-group 239.0.0.1
  member vni 900001 associate-vrf

interface Ethernet1/1
  description To-ROG-Spine-N9K-1(9I71FH6GJ10)-Ethernet1/2
  ip address 14.1.1.2/24
  ip router ospf 1 area 0.0.0.0
  ip pim sparse-mode
  no shutdown

interface Ethernet1/2
  description To-ROG-Spine-N9K-2(95KLCFGQ4S8)-Ethernet1/2
  ip address 24.1.1.2/24
  ip router ospf 1 area 0.0.0.0
  ip pim sparse-mode
  no shutdown

interface Ethernet1/3
  description To-ROG-Leaf-N9K-1(9NL48SOGJE9)-Ethernet1/3
  no shutdown

interface Ethernet1/4
  description To-ROG-Leaf-N9K-1(9NL48SOGJE9)-Ethernet1/4
  no shutdown

interface Ethernet1/5
  switchport
  switchport access vlan 10
  no shutdown

interface Ethernet1/6
  no shutdown

interface Ethernet1/7

interface Ethernet1/8

interface Ethernet1/9

interface Ethernet1/10

interface Ethernet1/11

interface Ethernet1/12

interface Ethernet1/13

interface Ethernet1/14

interface Ethernet1/15

interface Ethernet1/16

interface Ethernet1/17

interface Ethernet1/18

interface Ethernet1/19

interface Ethernet1/20

interface Ethernet1/21

interface Ethernet1/22

interface Ethernet1/23

interface Ethernet1/24

interface Ethernet1/25

interface Ethernet1/26

interface Ethernet1/27

interface Ethernet1/28

interface Ethernet1/29

interface Ethernet1/30

interface Ethernet1/31

interface Ethernet1/32

interface Ethernet1/33

interface Ethernet1/34

interface Ethernet1/35

interface Ethernet1/36

interface Ethernet1/37

interface Ethernet1/38

interface Ethernet1/39

interface Ethernet1/40

interface Ethernet1/41

interface Ethernet1/42

interface Ethernet1/43

interface Ethernet1/44

interface Ethernet1/45

interface Ethernet1/46

interface Ethernet1/47

interface Ethernet1/48

interface Ethernet1/49

interface Ethernet1/50

interface Ethernet1/51

interface Ethernet1/52

interface Ethernet1/53

interface Ethernet1/54

interface Ethernet1/55

interface Ethernet1/56

interface Ethernet1/57

interface Ethernet1/58

interface Ethernet1/59

interface Ethernet1/60

interface Ethernet1/61

interface Ethernet1/62

interface Ethernet1/63

interface Ethernet1/64

interface mgmt0
  no cdp enable
  vrf member management
  ip address 192.168.50.104/24

interface loopback0
  ip address 4.4.4.4/32
  ip router ospf 1 area 0.0.0.0
  ip pim sparse-mode
icam monitor scale

line console
line vty
boot nxos bootflash:/nxos.9.3.5.bin sup-1
router ospf 1
router bgp 65535
  router-id 4.4.4.4
  neighbor 1.1.1.1
    remote-as 65535
    update-source loopback0
    address-family l2vpn evpn
      send-community
      send-community extended
  neighbor 2.2.2.2
    remote-as 65535
    update-source loopback0
    address-family l2vpn evpn
      send-community
      send-community extended
  vrf vxlan-900001
    address-family ipv4 unicast
      advertise l2vpn evpn
evpn
  vni 10010 l2
  vni 10020 l2
    rd auto
    route-target import auto
    route-target export auto



